2025-03-03T12:43:29.980Z [ERROR]: Usage: node script.js --username=<your_username> --password=<your_password>
2025-03-03T13:42:20.711Z [ERROR]: Usage: node script.js --username=<your_username> --password=<your_password>
2025-03-03T13:50:50.541Z [ERROR]: Usage: node script.js --username=<your_username> --password=<your_password>
2025-03-03T13:53:52.719Z [ERROR]: Usage: node script.js --username=<your_username> --password=<your_password>
2025-03-03T14:44:59.685Z [ERROR]: Usage: node script.js --username=<your_username> --password=<your_password>
2025-03-03T14:48:20.888Z [ERROR]: Usage: node script.js --username=<your_username> --password=<your_password>
2025-03-03T14:49:08.940Z [ERROR]: Error scraping latest tweet: Navigation timeout of 30000 ms exceeded
2025-03-03T14:52:38.960Z [ERROR]: Error scraping latest tweet: Runtime.callFunctionOn timed out. Increase the 'protocolTimeout' setting in launch/connect calls for a higher timeout if needed.
2025-03-03T14:53:08.946Z [ERROR]: Error scraping latest tweet: Runtime.callFunctionOn timed out. Increase the 'protocolTimeout' setting in launch/connect calls for a higher timeout if needed.
2025-03-03T14:53:38.947Z [ERROR]: Error scraping latest tweet: Runtime.callFunctionOn timed out. Increase the 'protocolTimeout' setting in launch/connect calls for a higher timeout if needed.
2025-03-03T14:54:08.947Z [ERROR]: Error scraping latest tweet: Runtime.callFunctionOn timed out. Increase the 'protocolTimeout' setting in launch/connect calls for a higher timeout if needed.
2025-03-03T14:54:38.950Z [ERROR]: Error scraping latest tweet: Runtime.callFunctionOn timed out. Increase the 'protocolTimeout' setting in launch/connect calls for a higher timeout if needed.
2025-03-03T14:55:08.949Z [ERROR]: Error scraping latest tweet: Runtime.callFunctionOn timed out. Increase the 'protocolTimeout' setting in launch/connect calls for a higher timeout if needed.
2025-03-03T14:55:38.971Z [ERROR]: Error scraping latest tweet: Runtime.callFunctionOn timed out. Increase the 'protocolTimeout' setting in launch/connect calls for a higher timeout if needed.
2025-03-03T14:56:08.964Z [ERROR]: Error scraping latest tweet: Runtime.callFunctionOn timed out. Increase the 'protocolTimeout' setting in launch/connect calls for a higher timeout if needed.
2025-03-03T14:56:38.974Z [ERROR]: Error scraping latest tweet: Runtime.callFunctionOn timed out. Increase the 'protocolTimeout' setting in launch/connect calls for a higher timeout if needed.
2025-03-03T14:57:08.975Z [ERROR]: Error scraping latest tweet: Runtime.callFunctionOn timed out. Increase the 'protocolTimeout' setting in launch/connect calls for a higher timeout if needed.
2025-03-03T14:57:38.972Z [ERROR]: Error scraping latest tweet: Runtime.callFunctionOn timed out. Increase the 'protocolTimeout' setting in launch/connect calls for a higher timeout if needed.
2025-03-03T14:58:08.971Z [ERROR]: Error scraping latest tweet: Runtime.callFunctionOn timed out. Increase the 'protocolTimeout' setting in launch/connect calls for a higher timeout if needed.
2025-03-03T14:58:38.974Z [ERROR]: Error scraping latest tweet: Runtime.callFunctionOn timed out. Increase the 'protocolTimeout' setting in launch/connect calls for a higher timeout if needed.
2025-03-03T14:59:08.976Z [ERROR]: Error scraping latest tweet: Runtime.callFunctionOn timed out. Increase the 'protocolTimeout' setting in launch/connect calls for a higher timeout if needed.
2025-03-03T14:59:40.319Z [ERROR]: Usage: node script.js --username=<your_username> --password=<your_password>
2025-03-03T15:01:55.247Z [ERROR]: Usage: node script.js --username=<your_username> --password=<your_password>
2025-03-03T15:41:06.398Z [ERROR]: Usage: node script.js --username=<your_username> --password=<your_password>
2025-03-03T15:44:29.264Z [ERROR]: Error scraping latest tweet: Waiting for selector `article[data-testid="tweet"]` failed: Waiting failed: 30000ms exceeded
2025-03-03T15:44:42.546Z [ERROR]: Error scraping latest tweet: net::ERR_NAME_NOT_RESOLVED at https://twitter.com/olur0cks
2025-03-03T15:44:58.687Z [ERROR]: Error scraping latest tweet: net::ERR_NAME_NOT_RESOLVED at https://twitter.com/olur0cks
2025-03-03T15:45:06.960Z [ERROR]: Usage: node script.js --username=<your_username> --password=<your_password>
2025-03-03T15:45:18.642Z [ERROR]: Usage: node script.js --username=<your_username> --password=<your_password>
2025-03-03T15:45:38.573Z [ERROR]: Usage: node script.js --username=<your_username> --password=<your_password>
2025-03-03T15:46:04.538Z [ERROR]: Usage: node script.js --username=<your_username> --password=<your_password>
2025-03-03T16:20:21.818Z [ERROR]: Usage: node script.js --username=<your_username> --password=<your_password>
2025-03-03T16:24:38.373Z [ERROR]: Usage: node script.js --username=<your_username> --password=<your_password>
2025-03-03T16:43:17.750Z [ERROR]: Usage: node script.js --username=<your_username> --password=<your_password>
2025-03-03T16:55:38.629Z [ERROR]: Error scraping latest tweet: Waiting for selector `article[data-testid="tweet"]` failed: Waiting failed: 30000ms exceeded
2025-03-03T17:29:58.470Z [ERROR]: Usage: node script.js --username=<your_username> --password=<your_password>
2025-03-03T17:35:48.937Z [ERROR]: Usage: node script.js --username=<your_username> --password=<your_password>
2025-03-03T17:37:29.866Z [ERROR]: Usage: node script.js --username=<your_username> --password=<your_password>
2025-03-03T17:43:06.279Z [ERROR]: Usage: node script.js --username=<your_username> --password=<your_password>
2025-03-03T17:46:18.479Z [ERROR]: Usage: node script.js --username=<your_username> --password=<your_password>
2025-03-03T17:48:16.485Z [ERROR]: Usage: node script.js --username=<your_username> --password=<your_password>
2025-03-03T17:55:35.008Z [ERROR]: Usage: node script.js --username=<your_username> --password=<your_password>
2025-03-03T18:10:38.950Z [ERROR]: Usage: node script.js --username=<your_username> --password=<your_password>
2025-03-03T18:16:37.458Z [ERROR]: Usage: node script.js --username=<your_username> --password=<your_password>
2025-03-03T18:18:35.879Z [ERROR]: Usage: node script.js --username=<your_username> --password=<your_password>
