2025-03-02T01:19:28.366Z [ERROR]: Usage: node script.js --username=<your_username> --password=<your_password>
2025-03-02T01:35:08.998Z [ERROR]: Error saving tweet or media to database: Cannot find module '/home/psyxh/projects/stream-watch/worker/mediaWorker.js'
2025-03-02T02:50:39.867Z [ERROR]: Usage: node script.js --username=<your_username> --password=<your_password>
2025-03-02T02:51:45.779Z [ERROR]: Error saving tweet or media to database: Cannot find module '/home/psyxh/projects/stream-watch/worker/services/mediaWorker.js'
2025-03-02T02:52:15.801Z [ERROR]: Usage: node script.js --username=<your_username> --password=<your_password>
2025-03-02T02:54:20.375Z [ERROR]: Error saving tweet or media to database: Cannot find module '/home/psyxh/projects/stream-watch/worker/services/worker/mediaWorker.js'
2025-03-02T02:59:19.219Z [ERROR]: Usage: node script.js --username=<your_username> --password=<your_password>
2025-03-02T03:00:23.869Z [ERROR]: Error saving tweet or media to database: Directory import '/home/psyxh/projects/stream-watch/src/models' is not supported resolving ES modules imported from /home/psyxh/projects/stream-watch/src/services/worker/mediaWorker.js
2025-03-02T07:03:50.679Z [ERROR]: Usage: node script.js --username=<your_username> --password=<your_password>
2025-03-02T07:05:20.162Z [ERROR]: Error saving tweet or media to database: Cannot find module '/home/psyxh/projects/stream-watch/src/services/mediaHandler' imported from /home/psyxh/projects/stream-watch/src/services/worker/mediaWorker.js
2025-03-02T07:09:59.617Z [ERROR]: Usage: node script.js --username=<your_username> --password=<your_password>
2025-03-02T07:13:41.226Z [ERROR]: Error scraping latest tweet: net::ERR_NAME_NOT_RESOLVED at https://twitter.com/olur0cks
2025-03-02T07:14:24.435Z [ERROR]: Error scraping latest tweet: net::ERR_NAME_NOT_RESOLVED at https://twitter.com/olur0cks
2025-03-02T07:14:54.258Z [ERROR]: Error scraping latest tweet: net::ERR_NAME_NOT_RESOLVED at https://twitter.com/olur0cks
2025-03-02T07:15:24.278Z [ERROR]: Error scraping latest tweet: net::ERR_NAME_NOT_RESOLVED at https://twitter.com/olur0cks
2025-03-02T07:15:28.309Z [ERROR]: Error scraping latest tweet: net::ERR_NAME_NOT_RESOLVED at https://twitter.com/olur0cks
2025-03-02T07:15:58.321Z [ERROR]: Error scraping latest tweet: net::ERR_NAME_NOT_RESOLVED at https://twitter.com/olur0cks
2025-03-02T11:08:26.136Z [ERROR]: Error scraping latest tweet: net::ERR_NAME_NOT_RESOLVED at https://twitter.com/olur0cks
2025-03-02T11:08:59.104Z [ERROR]: Error scraping latest tweet: net::ERR_NAME_NOT_RESOLVED at https://twitter.com/olur0cks
2025-03-02T11:09:20.745Z [ERROR]: Error scraping latest tweet: net::ERR_NAME_NOT_RESOLVED at https://twitter.com/olur0cks
2025-03-02T11:09:33.074Z [ERROR]: Error scraping latest tweet: net::ERR_NAME_NOT_RESOLVED at https://twitter.com/olur0cks
2025-03-02T11:10:03.068Z [ERROR]: Error scraping latest tweet: net::ERR_NAME_NOT_RESOLVED at https://twitter.com/olur0cks
2025-03-02T11:10:33.067Z [ERROR]: Error scraping latest tweet: net::ERR_NAME_NOT_RESOLVED at https://twitter.com/olur0cks
2025-03-02T11:11:29.112Z [ERROR]: Error scraping latest tweet: net::ERR_NAME_NOT_RESOLVED at https://twitter.com/olur0cks
2025-03-02T11:11:59.117Z [ERROR]: Error scraping latest tweet: net::ERR_NAME_NOT_RESOLVED at https://twitter.com/olur0cks
2025-03-02T11:35:29.007Z [ERROR]: Error saving tweet or media to database: Unknown file extension ".ts" for /home/psyxh/projects/stream-watch/src/services/mediaHandler.ts
2025-03-02T12:21:05.181Z [ERROR]: Usage: node script.js --username=<your_username> --password=<your_password>
2025-03-02T12:22:25.757Z [ERROR]: Error saving tweet or media to database: Unknown file extension ".ts" for /home/psyxh/projects/stream-watch/src/services/mediaHandler.ts
2025-03-02T12:23:24.766Z [ERROR]: Usage: node script.js --username=<your_username> --password=<your_password>
2025-03-02T12:54:07.058Z [ERROR]: Usage: node script.js --username=<your_username> --password=<your_password>
2025-03-02T12:56:10.669Z [ERROR]: Error saving tweet or media to database: Cannot find module '/home/psyxh/projects/stream-watch/src/services/worker/mediaWorker.js'
2025-03-02T12:58:15.677Z [ERROR]: Usage: node script.js --username=<your_username> --password=<your_password>
2025-03-02T13:12:15.677Z [ERROR]: Usage: node script.js --username=<your_username> --password=<your_password>
2025-03-02T13:14:55.083Z [ERROR]: Usage: node script.js --username=<your_username> --password=<your_password>
2025-03-02T13:21:49.274Z [ERROR]: Usage: node script.js --username=<your_username> --password=<your_password>
2025-03-02T13:25:36.943Z [ERROR]: Error saving tweet or media to database: Cannot find module '/home/psyxh/projects/stream-watch/worker/mediaWorker.mjs'
2025-03-02T13:29:15.960Z [ERROR]: Usage: node script.js --username=<your_username> --password=<your_password>
2025-03-02T13:30:23.703Z [ERROR]: Error saving tweet or media to database: Directory import '/home/psyxh/projects/stream-watch/src/models' is not supported resolving ES modules imported from /home/psyxh/projects/stream-watch/src/services/worker/mediaWorker.mjs
2025-03-02T13:43:46.974Z [ERROR]: Usage: node script.js --username=<your_username> --password=<your_password>
2025-03-02T13:47:17.357Z [ERROR]: Usage: node script.js --username=<your_username> --password=<your_password>
2025-03-02T13:50:31.010Z [ERROR]: Error saving tweet or media to database: Directory import '/home/psyxh/projects/stream-watch/src/models' is not supported resolving ES modules imported from /home/psyxh/projects/stream-watch/src/services/worker/mediaWorker.mjs
2025-03-02T15:09:13.865Z [ERROR]: Usage: node script.js --username=<your_username> --password=<your_password>
2025-03-02T15:10:55.002Z [ERROR]: Error scraping latest tweet: Waiting for selector `article[data-testid="tweet"]` failed: Waiting failed: 30000ms exceeded
2025-03-02T15:28:49.381Z [ERROR]: Usage: node script.js --username=<your_username> --password=<your_password>
2025-03-02T15:38:29.824Z [ERROR]: Usage: node script.js --username=<your_username> --password=<your_password>
2025-03-02T15:39:41.967Z [ERROR]: ❌ Error saving media for tweet 1896216236075467107:
2025-03-02T15:40:59.116Z [ERROR]: Error scraping latest tweet: Waiting for selector `article[data-testid="tweet"]` failed: Waiting failed: 30000ms exceeded
2025-03-02T15:42:03.146Z [ERROR]: Usage: node script.js --username=<your_username> --password=<your_password>
2025-03-02T15:44:35.860Z [ERROR]: Error scraping latest tweet: Waiting for selector `article[data-testid="tweet"]` failed: Waiting failed: 30000ms exceeded
2025-03-02T15:45:05.162Z [ERROR]: Error scraping latest tweet: Waiting for selector `article[data-testid="tweet"]` failed: Waiting failed: 30000ms exceeded
2025-03-02T15:45:38.165Z [ERROR]: Error scraping latest tweet: Waiting for selector `article[data-testid="tweet"]` failed: Waiting failed: 30000ms exceeded
2025-03-02T15:46:08.066Z [ERROR]: Error scraping latest tweet: Waiting for selector `article[data-testid="tweet"]` failed: Waiting failed: 30000ms exceeded
2025-03-02T15:49:01.008Z [ERROR]: Usage: node script.js --username=<your_username> --password=<your_password>
2025-03-02T15:51:31.449Z [ERROR]: Error scraping latest tweet: Waiting for selector `article[data-testid="tweet"]` failed: Waiting failed: 30000ms exceeded
2025-03-02T15:53:04.753Z [ERROR]: Error scraping latest tweet: Waiting for selector `article[data-testid="tweet"]` failed: Waiting failed: 30000ms exceeded
2025-03-02T15:54:06.035Z [ERROR]: Error scraping latest tweet: Waiting for selector `article[data-testid="tweet"]` failed: Waiting failed: 30000ms exceeded
2025-03-02T15:57:26.144Z [ERROR]: Error scraping latest tweet: net::ERR_ADDRESS_UNREACHABLE at https://twitter.com/olur0cks
2025-03-02T15:58:08.647Z [ERROR]: Error scraping latest tweet: Navigation timeout of 30000 ms exceeded
2025-03-02T15:59:49.190Z [ERROR]: Error scraping latest tweet: Execution context was destroyed, most likely because of a navigation.
2025-03-02T15:59:49.194Z [ERROR]: Error scraping latest tweet: Execution context was destroyed, most likely because of a navigation.
2025-03-02T15:59:49.199Z [ERROR]: Error scraping latest tweet: Execution context was destroyed, most likely because of a navigation.
2025-03-02T15:59:49.207Z [ERROR]: Error scraping latest tweet: Execution context was destroyed, most likely because of a navigation.
2025-03-02T16:00:31.577Z [ERROR]: Error scraping latest tweet: net::ERR_NAME_NOT_RESOLVED at https://twitter.com/olur0cks
2025-03-02T16:01:01.591Z [ERROR]: Error scraping latest tweet: net::ERR_NAME_NOT_RESOLVED at https://twitter.com/olur0cks
2025-03-02T16:01:31.593Z [ERROR]: Error scraping latest tweet: net::ERR_NAME_NOT_RESOLVED at https://twitter.com/olur0cks
2025-03-02T16:02:01.595Z [ERROR]: Error scraping latest tweet: net::ERR_NAME_NOT_RESOLVED at https://twitter.com/olur0cks
2025-03-02T16:02:31.594Z [ERROR]: Error scraping latest tweet: net::ERR_NAME_NOT_RESOLVED at https://twitter.com/olur0cks
2025-03-02T16:03:01.616Z [ERROR]: Error scraping latest tweet: net::ERR_NAME_NOT_RESOLVED at https://twitter.com/olur0cks
2025-03-02T16:03:31.592Z [ERROR]: Error scraping latest tweet: net::ERR_NAME_NOT_RESOLVED at https://twitter.com/olur0cks
2025-03-02T16:04:01.614Z [ERROR]: Error scraping latest tweet: net::ERR_NAME_NOT_RESOLVED at https://twitter.com/olur0cks
2025-03-02T16:04:31.617Z [ERROR]: Error scraping latest tweet: net::ERR_NAME_NOT_RESOLVED at https://twitter.com/olur0cks
2025-03-02T16:05:01.643Z [ERROR]: Error scraping latest tweet: net::ERR_NAME_NOT_RESOLVED at https://twitter.com/olur0cks
2025-03-02T16:05:31.631Z [ERROR]: Error scraping latest tweet: net::ERR_NAME_NOT_RESOLVED at https://twitter.com/olur0cks
2025-03-02T16:06:01.629Z [ERROR]: Error scraping latest tweet: net::ERR_NAME_NOT_RESOLVED at https://twitter.com/olur0cks
2025-03-02T18:34:26.292Z [ERROR]: Usage: node script.js --username=<your_username> --password=<your_password>
2025-03-02T18:57:11.098Z [ERROR]: Usage: node script.js --username=<your_username> --password=<your_password>
2025-03-02T19:30:34.163Z [ERROR]: Usage: node script.js --username=<your_username> --password=<your_password>
2025-03-02T19:48:06.268Z [ERROR]: Usage: node script.js --username=<your_username> --password=<your_password>
2025-03-02T20:03:36.708Z [ERROR]: Usage: node script.js --username=<your_username> --password=<your_password>
2025-03-02T20:13:02.679Z [ERROR]: Usage: node script.js --username=<your_username> --password=<your_password>
2025-03-02T20:16:15.857Z [ERROR]: Usage: node script.js --username=<your_username> --password=<your_password>
2025-03-02T20:54:55.154Z [ERROR]: Usage: node script.js --username=<your_username> --password=<your_password>
2025-03-02T20:56:46.966Z [ERROR]: Usage: node script.js --username=<your_username> --password=<your_password>
2025-03-02T21:11:05.638Z [ERROR]: Usage: node script.js --username=<your_username> --password=<your_password>
2025-03-02T21:17:19.162Z [ERROR]: Usage: node script.js --username=<your_username> --password=<your_password>
2025-03-02T21:18:50.386Z [ERROR]: Error scraping latest tweet: net::ERR_TOO_MANY_REDIRECTS at https://twitter.com/olur0cks
2025-03-02T21:26:45.575Z [ERROR]: Usage: node script.js --username=<your_username> --password=<your_password>
